<?xml version="1.0" encoding="UTF-8"?>
<testsuite name="TestSuite" time="5.388" tests="1" errors="0" skipped="0" failures="0">
  <properties>
    <property name="JOB_NAME" value="AppiumWithJava_Batch1"/>
    <property name="java.vendor" value="Oracle Corporation"/>
    <property name="PWD" value="/Users/abhigyajha/Downloads"/>
    <property name="sun.java.launcher" value="SUN_STANDARD"/>
    <property name="RUN_TESTS_DISPLAY_URL" value="http://localhost:8080/job/AppiumWithJava_Batch1/4/display/redirect?page=tests"/>
    <property name="sun.management.compiler" value="HotSpot 64-Bit Tiered Compilers"/>
    <property name="JENKINS_HOME" value="/Users/abhigyajha/.jenkins"/>
    <property name="PATH" value="/Library/Java/JavaVirtualMachines/jdk-21.jdk/Contents/Home/bin:/Users/abhigyajha/Library/Android/sdk/platform-tools:/Users/abhigyajha/Library/Android/sdk/cmdline-tools:/Library/Java/JavaVirtualMachines/jdk-21.jdk/Contents/Home/bin:/opt/homebrew/bin:/Users/abhigyajha/.nvm/versions/node/v20.17.0/bin:/opt/homebrew/bin:/opt/homebrew/sbin:/usr/local/bin:/System/Cryptexes/App/usr/bin:/usr/bin:/bin:/usr/sbin:/sbin:/var/run/com.apple.security.cryptexd/codex.system/bootstrap/usr/local/bin:/var/run/com.apple.security.cryptexd/codex.system/bootstrap/usr/bin:/var/run/com.apple.security.cryptexd/codex.system/bootstrap/usr/appleinternal/bin:/Library/Apple/usr/bin:/usr/local/share/dotnet:~/.dotnet/tools:/Library/Frameworks/Mono.framework/Versions/Current/Commands"/>
    <property name="HUDSON_SERVER_COOKIE" value="89fbdcce04ba2aa6"/>
    <property name="NVM_DIR" value="/Users/abhigyajha/.nvm"/>
    <property name="POM_ARTIFACTID" value="W2aAppiumMasterFramework"/>
    <property name="os.name" value="Mac OS X"/>
    <property name="TERM_PROGRAM" value="Apple_Terminal"/>
    <property name="EXECUTOR_NUMBER" value="0"/>
    <property name="TERM_SESSION_ID" value="EDF9A5E1-7C55-47EA-91CD-39BE322D28F3"/>
    <property name="java.vm.specification.vendor" value="Oracle Corporation"/>
    <property name="POM_DISPLAYNAME" value="W2aAppiumMasterFramework"/>
    <property name="HOMEBREW_REPOSITORY" value="/opt/homebrew"/>
    <property name="NODE_LABELS" value="built-in"/>
    <property name="java.runtime.version" value="21.0.4+8-LTS-274"/>
    <property name="NVM_BIN" value="/Users/abhigyajha/.nvm/versions/node/v20.17.0/bin"/>
    <property name="NVM_INC" value="/Users/abhigyajha/.nvm/versions/node/v20.17.0/include/node"/>
    <property name="user.name" value="abhigyajha"/>
    <property name="guice.disable.misplaced.annotation.check" value="true"/>
    <property name="stdout.encoding" value="UTF-8"/>
    <property name="user.language" value="en"/>
    <property name="INFOPATH" value="/opt/homebrew/share/info:"/>
    <property name="JOB_BASE_NAME" value="AppiumWithJava_Batch1"/>
    <property name="RUN_CHANGES_DISPLAY_URL" value="http://localhost:8080/job/AppiumWithJava_Batch1/4/display/redirect?page=changes"/>
    <property name="BUILD_DISPLAY_NAME" value="#4"/>
    <property name="TMPDIR" value="/var/folders/c8/1cl7llqx23v5hspjn9g6pw940000gn/T/"/>
    <property name="sun.boot.library.path" value="/Library/Java/JavaVirtualMachines/jdk-21.jdk/Contents/Home/lib"/>
    <property name="java.vm.compressedOopsMode" value="Zero based"/>
    <property name="java.version" value="21.0.4"/>
    <property name="XPC_FLAGS" value="0x0"/>
    <property name="user.timezone" value="Asia/Kolkata"/>
    <property name="sun.arch.data.model" value="64"/>
    <property name="NODE_NAME" value="built-in"/>
    <property name="TERM" value="xterm-256color"/>
    <property name="http.nonProxyHosts" value="local|*.local|169.254/16|*.169.254/16"/>
    <property name="BUILD_ID" value="4"/>
    <property name="sun.jnu.encoding" value="UTF-8"/>
    <property name="SHELL" value="/bin/zsh"/>
    <property name="maven.conf" value="/Users/abhigyajha/.jenkins/tools/hudson.tasks.Maven_MavenInstallation/MVN_HOME/conf"/>
    <property name="file.separator" value="/"/>
    <property name="java.specification.name" value="Java Platform API Specification"/>
    <property name="java.class.version" value="65.0"/>
    <property name="org.slf4j.simpleLogger.defaultLogLevel" value="info"/>
    <property name="user.country" value="IN"/>
    <property name="java.home" value="/Library/Java/JavaVirtualMachines/jdk-21.jdk/Contents/Home"/>
    <property name="java.vm.info" value="mixed mode, sharing"/>
    <property name="os.version" value="15.0"/>
    <property name="RUN_DISPLAY_URL" value="http://localhost:8080/job/AppiumWithJava_Batch1/4/display/redirect"/>
    <property name="POM_VERSION" value="0.0.1-SNAPSHOT"/>
    <property name="path.separator" value=":"/>
    <property name="RUN_ARTIFACTS_DISPLAY_URL" value="http://localhost:8080/job/AppiumWithJava_Batch1/4/display/redirect?page=artifacts"/>
    <property name="java.vm.version" value="21.0.4+8-LTS-274"/>
    <property name="stderr.encoding" value="UTF-8"/>
    <property name="JOB_DISPLAY_URL" value="http://localhost:8080/job/AppiumWithJava_Batch1/display/redirect"/>
    <property name="SHLVL" value="1"/>
    <property name="_" value="/Library/Java/JavaVirtualMachines/jdk-21.jdk/Contents/Home/bin/java"/>
    <property name="JAVA_HOME" value="/Library/Java/JavaVirtualMachines/jdk-21.jdk/Contents/Home"/>
    <property name="sun.io.unicode.encoding" value="UnicodeBig"/>
    <property name="LOGNAME" value="abhigyajha"/>
    <property name="POM_PACKAGING" value="jar"/>
    <property name="socksNonProxyHosts" value="local|*.local|169.254/16|*.169.254/16"/>
    <property name="HOME" value="/Users/abhigyajha"/>
    <property name="ftp.nonProxyHosts" value="local|*.local|169.254/16|*.169.254/16"/>
    <property name="POM_GROUPID" value="com.w2a"/>
    <property name="user.home" value="/Users/abhigyajha"/>
    <property name="BUILD_TAG" value="jenkins-AppiumWithJava_Batch1-4"/>
    <property name="JENKINS_SERVER_COOKIE" value="89fbdcce04ba2aa6"/>
    <property name="XPC_SERVICE_NAME" value="0"/>
    <property name="HUDSON_URL" value="http://localhost:8080/"/>
    <property name="java.version.date" value="2024-07-16"/>
    <property name="java.specification.vendor" value="Oracle Corporation"/>
    <property name="CLASSPATH" value=""/>
    <property name="NVM_CD_FLAGS" value="-q"/>
    <property name="java.library.path" value="/Users/abhigyajha/Library/Java/Extensions:/Library/Java/Extensions:/Network/Library/Java/Extensions:/System/Library/Java/Extensions:/usr/lib/java:."/>
    <property name="java.vendor.url" value="https://java.oracle.com/"/>
    <property name="java.vm.vendor" value="Oracle Corporation"/>
    <property name="java.runtime.name" value="Java(TM) SE Runtime Environment"/>
    <property name="maven.home" value="/Users/abhigyajha/.jenkins/tools/hudson.tasks.Maven_MavenInstallation/MVN_HOME"/>
    <property name="HOMEBREW_CELLAR" value="/opt/homebrew/Cellar"/>
    <property name="java.class.path" value="/Users/abhigyajha/.jenkins/plugins/maven-plugin/WEB-INF/lib/maven35-agent-1.14.jar:/Users/abhigyajha/.jenkins/tools/hudson.tasks.Maven_MavenInstallation/MVN_HOME/boot/plexus-classworlds-2.8.0.jar:/Users/abhigyajha/.jenkins/tools/hudson.tasks.Maven_MavenInstallation/MVN_HOME/conf/logging"/>
    <property name="sun.java.command" value="jenkins.maven3.agent.Maven35Main /Users/abhigyajha/.jenkins/tools/hudson.tasks.Maven_MavenInstallation/MVN_HOME /Users/abhigyajha/.jenkins/war/WEB-INF/lib/remoting-3283.v92c105e0f819.jar /Users/abhigyajha/.jenkins/plugins/maven-plugin/WEB-INF/lib/maven35-interceptor-1.14.jar /Users/abhigyajha/.jenkins/plugins/maven-plugin/WEB-INF/lib/maven3-interceptor-commons-1.14.jar 58330"/>
    <property name="native.encoding" value="UTF-8"/>
    <property name="jdk.debug" value="release"/>
    <property name="java.vm.specification.name" value="Java Virtual Machine Specification"/>
    <property name="jansi.mode" value="strip"/>
    <property name="PATH+JDK" value="/Library/Java/JavaVirtualMachines/jdk-21.jdk/Contents/Home/bin"/>
    <property name="java.vm.specification.version" value="21"/>
    <property name="M2_HOME" value="/Users/abhigyajha/.jenkins/tools/hudson.tasks.Maven_MavenInstallation/MVN_HOME"/>
    <property name="sun.cpu.endian" value="little"/>
    <property name="CI" value="true"/>
    <property name="java.io.tmpdir" value="/var/folders/c8/1cl7llqx23v5hspjn9g6pw940000gn/T/"/>
    <property name="HUDSON_HOME" value="/Users/abhigyajha/.jenkins"/>
    <property name="PATH+MAVEN" value="/Users/abhigyajha/.jenkins/tools/hudson.tasks.Maven_MavenInstallation/MVN_HOME/bin"/>
    <property name="java.vendor.url.bug" value="https://bugreport.java.com/bugreport/"/>
    <property name="OLDPWD" value="/Users/abhigyajha"/>
    <property name="BUILD_URL" value="http://localhost:8080/job/AppiumWithJava_Batch1/4/"/>
    <property name="SSH_AUTH_SOCK" value="/private/tmp/com.apple.launchd.1rcgaiNzMj/Listeners"/>
    <property name="LC_CTYPE" value="UTF-8"/>
    <property name="os.arch" value="aarch64"/>
    <property name="__CF_USER_TEXT_ENCODING" value="0x1F5:0x0:0x0"/>
    <property name="user.dir" value="/Users/abhigyajha/eclipse-workspace/W2aAppiumMasterFramework"/>
    <property name="JOB_URL" value="http://localhost:8080/job/AppiumWithJava_Batch1/"/>
    <property name="apple.awt.application.name" value="Maven35Main"/>
    <property name="MAVEN_HOME" value="/Users/abhigyajha/.jenkins/tools/hudson.tasks.Maven_MavenInstallation/MVN_HOME"/>
    <property name="line.separator" value="&#10;"/>
    <property name="java.vm.name" value="Java HotSpot(TM) 64-Bit Server VM"/>
    <property name="BUILD_NUMBER" value="4"/>
    <property name="TERM_PROGRAM_VERSION" value="454.1"/>
    <property name="ANDROID_HOME" value="/Users/abhigyajha/Library/Android/sdk"/>
    <property name="JENKINS_URL" value="http://localhost:8080/"/>
    <property name="__CFBundleIdentifier" value="com.apple.Terminal"/>
    <property name="file.encoding" value="UTF-8"/>
    <property name="HOMEBREW_PREFIX" value="/opt/homebrew"/>
    <property name="maven3.interceptor" value="/Users/abhigyajha/.jenkins/plugins/maven-plugin/WEB-INF/lib/maven35-interceptor-1.14.jar"/>
    <property name="WORKSPACE_TMP" value="/Users/abhigyajha/.jenkins/workspace/AppiumWithJava_Batch1@tmp"/>
    <property name="WORKSPACE" value="/Users/abhigyajha/.jenkins/workspace/AppiumWithJava_Batch1"/>
    <property name="maven3.interceptor.common" value="/Users/abhigyajha/.jenkins/plugins/maven-plugin/WEB-INF/lib/maven3-interceptor-commons-1.14.jar"/>
    <property name="java.specification.version" value="21"/>
    <property name="USER" value="abhigyajha"/>
  </properties>
  <testcase name="loginTest" classname="com.w2a.android.testcases.LoginTests" time="5.388"/>
</testsuite>