<?xml version="1.0" encoding="UTF-8"?>
<!-- Generated by org.testng.reporters.JUnitReportReporter -->
<testsuite hostname="Abhigyas-MacBook-Pro.local" failures="0" tests="1" name="com.w2a.android.testcases.LoginTests" time="5.554" errors="0" timestamp="15 Feb 2025 17:03:47 GMT" skipped="0">
  <testcase classname="com.w2a.android.testcases.LoginTests" name="loginTest" time="5.554"/>
</testsuite> <!-- com.w2a.android.testcases.LoginTests -->
