<?xml version="1.0" encoding="UTF-8"?>
<!-- Generated by org.testng.reporters.JUnitReportReporter -->
<testsuite hostname="Abhigyas-MacBook-Pro.local" failures="0" tests="1" name="com.w2a.android.testcases.ProductPageTest" time="11.210" errors="0" timestamp="14 Dec 2024 04:16:32 GMT" skipped="0">
  <testcase classname="com.w2a.android.testcases.ProductPageTest" name="verifyAddTOCart" time="11.210"/>
</testsuite> <!-- com.w2a.android.testcases.ProductPageTest -->
