<?xml version="1.0" encoding="UTF-8"?>
<!-- Generated by org.testng.reporters.JUnitReportReporter -->
<testsuite hostname="Abhigyas-MacBook-Pro.local" failures="0" tests="1" name="com.w2a.iOS.testCases.Login" time="5.912" errors="0" timestamp="21 Dec 2024 04:26:37 GMT" skipped="0">
  <testcase classname="com.w2a.iOS.testCases.Login" name="VerifyLoginWithValidCredential" time="5.912"/>
</testsuite> <!-- com.w2a.iOS.testCases.Login -->
