<?xml version="1.0" encoding="UTF-8"?>
<!-- Generated by org.testng.reporters.JUnitReportReporter -->
<testsuite hostname="Abhigyas-MacBook-Pro.local" failures="0" tests="1" name="com.w2a.testCases.ProductPageTest" time="25.493" errors="0" timestamp="30 Nov 2024 04:11:45 GMT" skipped="0">
  <testcase classname="com.w2a.testCases.ProductPageTest" name="verifyAddTOCart" time="25.493"/>
</testsuite> <!-- com.w2a.testCases.ProductPageTest -->
